<?xml version="1.0" encoding="UTF-8"?>
<testsuite xmlns:xsi="http://www.w3.org/2001/XMLSchema-instance" xsi:noNamespaceSchemaLocation="https://maven.apache.org/surefire/maven-surefire-plugin/xsd/surefire-test-report-3.0.xsd" version="3.0" name="com.example.S3EventHandlerTest" time="1.647" tests="1" errors="0" skipped="0" failures="0">
  <properties>
    <property name="java.specification.version" value="21"/>
    <property name="sun.cpu.isalist" value="amd64"/>
    <property name="sun.jnu.encoding" value="Cp1252"/>
    <property name="java.class.path" value="C:\Users\NicholasOppong\Desktop\s3-lambda-sns-notification\S3NotificationFunction\target\test-classes;C:\Users\NicholasOppong\Desktop\s3-lambda-sns-notification\S3NotificationFunction\target\classes;C:\Users\NicholasOppong\.m2\repository\com\amazonaws\aws-lambda-java-core\1.2.2\aws-lambda-java-core-1.2.2.jar;C:\Users\NicholasOppong\.m2\repository\com\amazonaws\aws-lambda-java-events\3.11.1\aws-lambda-java-events-3.11.1.jar;C:\Users\NicholasOppong\.m2\repository\joda-time\joda-time\2.10.8\joda-time-2.10.8.jar;C:\Users\NicholasOppong\.m2\repository\software\amazon\awssdk\sns\2.20.156\sns-2.20.156.jar;C:\Users\NicholasOppong\.m2\repository\software\amazon\awssdk\aws-query-protocol\2.20.156\aws-query-protocol-2.20.156.jar;C:\Users\NicholasOppong\.m2\repository\software\amazon\awssdk\protocol-core\2.20.156\protocol-core-2.20.156.jar;C:\Users\NicholasOppong\.m2\repository\software\amazon\awssdk\sdk-core\2.20.156\sdk-core-2.20.156.jar;C:\Users\NicholasOppong\.m2\repository\software\amazon\awssdk\profiles\2.20.156\profiles-2.20.156.jar;C:\Users\NicholasOppong\.m2\repository\org\reactivestreams\reactive-streams\1.0.4\reactive-streams-1.0.4.jar;C:\Users\NicholasOppong\.m2\repository\software\amazon\awssdk\auth\2.20.156\auth-2.20.156.jar;C:\Users\NicholasOppong\.m2\repository\software\amazon\eventstream\eventstream\1.0.1\eventstream-1.0.1.jar;C:\Users\NicholasOppong\.m2\repository\software\amazon\awssdk\http-client-spi\2.20.156\http-client-spi-2.20.156.jar;C:\Users\NicholasOppong\.m2\repository\software\amazon\awssdk\regions\2.20.156\regions-2.20.156.jar;C:\Users\NicholasOppong\.m2\repository\software\amazon\awssdk\annotations\2.20.156\annotations-2.20.156.jar;C:\Users\NicholasOppong\.m2\repository\software\amazon\awssdk\utils\2.20.156\utils-2.20.156.jar;C:\Users\NicholasOppong\.m2\repository\software\amazon\awssdk\aws-core\2.20.156\aws-core-2.20.156.jar;C:\Users\NicholasOppong\.m2\repository\software\amazon\awssdk\metrics-spi\2.20.156\metrics-spi-2.20.156.jar;C:\Users\NicholasOppong\.m2\repository\software\amazon\awssdk\json-utils\2.20.156\json-utils-2.20.156.jar;C:\Users\NicholasOppong\.m2\repository\software\amazon\awssdk\third-party-jackson-core\2.20.156\third-party-jackson-core-2.20.156.jar;C:\Users\NicholasOppong\.m2\repository\software\amazon\awssdk\endpoints-spi\2.20.156\endpoints-spi-2.20.156.jar;C:\Users\NicholasOppong\.m2\repository\software\amazon\awssdk\apache-client\2.20.156\apache-client-2.20.156.jar;C:\Users\NicholasOppong\.m2\repository\org\apache\httpcomponents\httpclient\4.5.13\httpclient-4.5.13.jar;C:\Users\NicholasOppong\.m2\repository\commons-logging\commons-logging\1.2\commons-logging-1.2.jar;C:\Users\NicholasOppong\.m2\repository\org\apache\httpcomponents\httpcore\4.4.13\httpcore-4.4.13.jar;C:\Users\NicholasOppong\.m2\repository\commons-codec\commons-codec\1.15\commons-codec-1.15.jar;C:\Users\NicholasOppong\.m2\repository\software\amazon\awssdk\netty-nio-client\2.20.156\netty-nio-client-2.20.156.jar;C:\Users\NicholasOppong\.m2\repository\io\netty\netty-codec-http\4.1.94.Final\netty-codec-http-4.1.94.Final.jar;C:\Users\NicholasOppong\.m2\repository\io\netty\netty-codec-http2\4.1.94.Final\netty-codec-http2-4.1.94.Final.jar;C:\Users\NicholasOppong\.m2\repository\io\netty\netty-codec\4.1.94.Final\netty-codec-4.1.94.Final.jar;C:\Users\NicholasOppong\.m2\repository\io\netty\netty-transport\4.1.94.Final\netty-transport-4.1.94.Final.jar;C:\Users\NicholasOppong\.m2\repository\io\netty\netty-common\4.1.94.Final\netty-common-4.1.94.Final.jar;C:\Users\NicholasOppong\.m2\repository\io\netty\netty-buffer\4.1.94.Final\netty-buffer-4.1.94.Final.jar;C:\Users\NicholasOppong\.m2\repository\io\netty\netty-handler\4.1.94.Final\netty-handler-4.1.94.Final.jar;C:\Users\NicholasOppong\.m2\repository\io\netty\netty-transport-native-unix-common\4.1.94.Final\netty-transport-native-unix-common-4.1.94.Final.jar;C:\Users\NicholasOppong\.m2\repository\io\netty\netty-transport-classes-epoll\4.1.94.Final\netty-transport-classes-epoll-4.1.94.Final.jar;C:\Users\NicholasOppong\.m2\repository\io\netty\netty-resolver\4.1.94.Final\netty-resolver-4.1.94.Final.jar;C:\Users\NicholasOppong\.m2\repository\org\slf4j\slf4j-api\2.0.9\slf4j-api-2.0.9.jar;C:\Users\NicholasOppong\.m2\repository\org\slf4j\slf4j-simple\2.0.9\slf4j-simple-2.0.9.jar;C:\Users\NicholasOppong\.m2\repository\org\junit\jupiter\junit-jupiter-api\5.10.0\junit-jupiter-api-5.10.0.jar;C:\Users\NicholasOppong\.m2\repository\org\opentest4j\opentest4j\1.3.0\opentest4j-1.3.0.jar;C:\Users\NicholasOppong\.m2\repository\org\junit\platform\junit-platform-commons\1.10.0\junit-platform-commons-1.10.0.jar;C:\Users\NicholasOppong\.m2\repository\org\apiguardian\apiguardian-api\1.1.2\apiguardian-api-1.1.2.jar;C:\Users\NicholasOppong\.m2\repository\org\junit\jupiter\junit-jupiter-engine\5.10.0\junit-jupiter-engine-5.10.0.jar;C:\Users\NicholasOppong\.m2\repository\org\junit\platform\junit-platform-engine\1.10.0\junit-platform-engine-1.10.0.jar;C:\Users\NicholasOppong\.m2\repository\org\mockito\mockito-core\5.4.0\mockito-core-5.4.0.jar;C:\Users\NicholasOppong\.m2\repository\net\bytebuddy\byte-buddy\1.14.5\byte-buddy-1.14.5.jar;C:\Users\NicholasOppong\.m2\repository\net\bytebuddy\byte-buddy-agent\1.14.5\byte-buddy-agent-1.14.5.jar;C:\Users\NicholasOppong\.m2\repository\org\objenesis\objenesis\3.3\objenesis-3.3.jar;C:\Users\NicholasOppong\.m2\repository\org\mockito\mockito-junit-jupiter\5.4.0\mockito-junit-jupiter-5.4.0.jar;"/>
    <property name="java.vm.vendor" value="Oracle Corporation"/>
    <property name="sun.arch.data.model" value="64"/>
    <property name="user.variant" value=""/>
    <property name="java.vendor.url" value="https://java.oracle.com/"/>
    <property name="user.timezone" value="Etc/UTC"/>
    <property name="os.name" value="Windows 10"/>
    <property name="java.vm.specification.version" value="21"/>
    <property name="sun.java.launcher" value="SUN_STANDARD"/>
    <property name="user.country" value="US"/>
    <property name="sun.boot.library.path" value="C:\Program Files\Java\jdk-21\bin"/>
    <property name="sun.java.command" value="C:\Users\NicholasOppong\AppData\Local\Temp\surefire3057393165079432989\surefirebooter-20250407111244504_3.jar C:\Users\NicholasOppong\AppData\Local\Temp\surefire3057393165079432989 2025-04-07T11-12-44_358-jvmRun1 surefire-20250407111244504_1tmp surefire_0-20250407111244504_2tmp"/>
    <property name="jdk.debug" value="release"/>
    <property name="surefire.test.class.path" value="C:\Users\NicholasOppong\Desktop\s3-lambda-sns-notification\S3NotificationFunction\target\test-classes;C:\Users\NicholasOppong\Desktop\s3-lambda-sns-notification\S3NotificationFunction\target\classes;C:\Users\NicholasOppong\.m2\repository\com\amazonaws\aws-lambda-java-core\1.2.2\aws-lambda-java-core-1.2.2.jar;C:\Users\NicholasOppong\.m2\repository\com\amazonaws\aws-lambda-java-events\3.11.1\aws-lambda-java-events-3.11.1.jar;C:\Users\NicholasOppong\.m2\repository\joda-time\joda-time\2.10.8\joda-time-2.10.8.jar;C:\Users\NicholasOppong\.m2\repository\software\amazon\awssdk\sns\2.20.156\sns-2.20.156.jar;C:\Users\NicholasOppong\.m2\repository\software\amazon\awssdk\aws-query-protocol\2.20.156\aws-query-protocol-2.20.156.jar;C:\Users\NicholasOppong\.m2\repository\software\amazon\awssdk\protocol-core\2.20.156\protocol-core-2.20.156.jar;C:\Users\NicholasOppong\.m2\repository\software\amazon\awssdk\sdk-core\2.20.156\sdk-core-2.20.156.jar;C:\Users\NicholasOppong\.m2\repository\software\amazon\awssdk\profiles\2.20.156\profiles-2.20.156.jar;C:\Users\NicholasOppong\.m2\repository\org\reactivestreams\reactive-streams\1.0.4\reactive-streams-1.0.4.jar;C:\Users\NicholasOppong\.m2\repository\software\amazon\awssdk\auth\2.20.156\auth-2.20.156.jar;C:\Users\NicholasOppong\.m2\repository\software\amazon\eventstream\eventstream\1.0.1\eventstream-1.0.1.jar;C:\Users\NicholasOppong\.m2\repository\software\amazon\awssdk\http-client-spi\2.20.156\http-client-spi-2.20.156.jar;C:\Users\NicholasOppong\.m2\repository\software\amazon\awssdk\regions\2.20.156\regions-2.20.156.jar;C:\Users\NicholasOppong\.m2\repository\software\amazon\awssdk\annotations\2.20.156\annotations-2.20.156.jar;C:\Users\NicholasOppong\.m2\repository\software\amazon\awssdk\utils\2.20.156\utils-2.20.156.jar;C:\Users\NicholasOppong\.m2\repository\software\amazon\awssdk\aws-core\2.20.156\aws-core-2.20.156.jar;C:\Users\NicholasOppong\.m2\repository\software\amazon\awssdk\metrics-spi\2.20.156\metrics-spi-2.20.156.jar;C:\Users\NicholasOppong\.m2\repository\software\amazon\awssdk\json-utils\2.20.156\json-utils-2.20.156.jar;C:\Users\NicholasOppong\.m2\repository\software\amazon\awssdk\third-party-jackson-core\2.20.156\third-party-jackson-core-2.20.156.jar;C:\Users\NicholasOppong\.m2\repository\software\amazon\awssdk\endpoints-spi\2.20.156\endpoints-spi-2.20.156.jar;C:\Users\NicholasOppong\.m2\repository\software\amazon\awssdk\apache-client\2.20.156\apache-client-2.20.156.jar;C:\Users\NicholasOppong\.m2\repository\org\apache\httpcomponents\httpclient\4.5.13\httpclient-4.5.13.jar;C:\Users\NicholasOppong\.m2\repository\commons-logging\commons-logging\1.2\commons-logging-1.2.jar;C:\Users\NicholasOppong\.m2\repository\org\apache\httpcomponents\httpcore\4.4.13\httpcore-4.4.13.jar;C:\Users\NicholasOppong\.m2\repository\commons-codec\commons-codec\1.15\commons-codec-1.15.jar;C:\Users\NicholasOppong\.m2\repository\software\amazon\awssdk\netty-nio-client\2.20.156\netty-nio-client-2.20.156.jar;C:\Users\NicholasOppong\.m2\repository\io\netty\netty-codec-http\4.1.94.Final\netty-codec-http-4.1.94.Final.jar;C:\Users\NicholasOppong\.m2\repository\io\netty\netty-codec-http2\4.1.94.Final\netty-codec-http2-4.1.94.Final.jar;C:\Users\NicholasOppong\.m2\repository\io\netty\netty-codec\4.1.94.Final\netty-codec-4.1.94.Final.jar;C:\Users\NicholasOppong\.m2\repository\io\netty\netty-transport\4.1.94.Final\netty-transport-4.1.94.Final.jar;C:\Users\NicholasOppong\.m2\repository\io\netty\netty-common\4.1.94.Final\netty-common-4.1.94.Final.jar;C:\Users\NicholasOppong\.m2\repository\io\netty\netty-buffer\4.1.94.Final\netty-buffer-4.1.94.Final.jar;C:\Users\NicholasOppong\.m2\repository\io\netty\netty-handler\4.1.94.Final\netty-handler-4.1.94.Final.jar;C:\Users\NicholasOppong\.m2\repository\io\netty\netty-transport-native-unix-common\4.1.94.Final\netty-transport-native-unix-common-4.1.94.Final.jar;C:\Users\NicholasOppong\.m2\repository\io\netty\netty-transport-classes-epoll\4.1.94.Final\netty-transport-classes-epoll-4.1.94.Final.jar;C:\Users\NicholasOppong\.m2\repository\io\netty\netty-resolver\4.1.94.Final\netty-resolver-4.1.94.Final.jar;C:\Users\NicholasOppong\.m2\repository\org\slf4j\slf4j-api\2.0.9\slf4j-api-2.0.9.jar;C:\Users\NicholasOppong\.m2\repository\org\slf4j\slf4j-simple\2.0.9\slf4j-simple-2.0.9.jar;C:\Users\NicholasOppong\.m2\repository\org\junit\jupiter\junit-jupiter-api\5.10.0\junit-jupiter-api-5.10.0.jar;C:\Users\NicholasOppong\.m2\repository\org\opentest4j\opentest4j\1.3.0\opentest4j-1.3.0.jar;C:\Users\NicholasOppong\.m2\repository\org\junit\platform\junit-platform-commons\1.10.0\junit-platform-commons-1.10.0.jar;C:\Users\NicholasOppong\.m2\repository\org\apiguardian\apiguardian-api\1.1.2\apiguardian-api-1.1.2.jar;C:\Users\NicholasOppong\.m2\repository\org\junit\jupiter\junit-jupiter-engine\5.10.0\junit-jupiter-engine-5.10.0.jar;C:\Users\NicholasOppong\.m2\repository\org\junit\platform\junit-platform-engine\1.10.0\junit-platform-engine-1.10.0.jar;C:\Users\NicholasOppong\.m2\repository\org\mockito\mockito-core\5.4.0\mockito-core-5.4.0.jar;C:\Users\NicholasOppong\.m2\repository\net\bytebuddy\byte-buddy\1.14.5\byte-buddy-1.14.5.jar;C:\Users\NicholasOppong\.m2\repository\net\bytebuddy\byte-buddy-agent\1.14.5\byte-buddy-agent-1.14.5.jar;C:\Users\NicholasOppong\.m2\repository\org\objenesis\objenesis\3.3\objenesis-3.3.jar;C:\Users\NicholasOppong\.m2\repository\org\mockito\mockito-junit-jupiter\5.4.0\mockito-junit-jupiter-5.4.0.jar;"/>
    <property name="sun.cpu.endian" value="little"/>
    <property name="user.home" value="C:\Users\NicholasOppong"/>
    <property name="user.language" value="en"/>
    <property name="java.specification.vendor" value="Oracle Corporation"/>
    <property name="java.version.date" value="2024-10-15"/>
    <property name="java.home" value="C:\Program Files\Java\jdk-21"/>
    <property name="file.separator" value="\"/>
    <property name="basedir" value="C:\Users\NicholasOppong\Desktop\s3-lambda-sns-notification\S3NotificationFunction"/>
    <property name="java.vm.compressedOopsMode" value="Zero based"/>
    <property name="line.separator" value="&#10;"/>
    <property name="java.vm.specification.vendor" value="Oracle Corporation"/>
    <property name="java.specification.name" value="Java Platform API Specification"/>
    <property name="surefire.real.class.path" value="C:\Users\NicholasOppong\AppData\Local\Temp\surefire3057393165079432989\surefirebooter-20250407111244504_3.jar"/>
    <property name="user.script" value=""/>
    <property name="sun.management.compiler" value="HotSpot 64-Bit Tiered Compilers"/>
    <property name="java.runtime.version" value="21.0.5+9-LTS-239"/>
    <property name="user.name" value="NicholasOppong"/>
    <property name="stdout.encoding" value="Cp1252"/>
    <property name="path.separator" value=";"/>
    <property name="os.version" value="10.0"/>
    <property name="java.runtime.name" value="Java(TM) SE Runtime Environment"/>
    <property name="file.encoding" value="UTF-8"/>
    <property name="java.vm.name" value="Java HotSpot(TM) 64-Bit Server VM"/>
    <property name="localRepository" value="C:\Users\NicholasOppong\.m2\repository"/>
    <property name="java.vendor.url.bug" value="https://bugreport.java.com/bugreport/"/>
    <property name="java.io.tmpdir" value="C:\Users\NICHOL~1\AppData\Local\Temp\"/>
    <property name="idea.version" value="2024.2.4"/>
    <property name="java.version" value="21.0.5"/>
    <property name="user.dir" value="C:\Users\NicholasOppong\Desktop\s3-lambda-sns-notification\S3NotificationFunction"/>
    <property name="os.arch" value="amd64"/>
    <property name="java.vm.specification.name" value="Java Virtual Machine Specification"/>
    <property name="sun.os.patch.level" value=""/>
    <property name="native.encoding" value="Cp1252"/>
    <property name="java.library.path" value="C:\Program Files\Java\jdk-21\bin;C:\windows\Sun\Java\bin;C:\windows\system32;C:\windows;C:\Program Files\SqlCmd\;C:\Program Files\Common Files\Oracle\Java\javapath;C:\windows\system32;C:\windows;C:\windows\System32\Wbem;C:\windows\System32\WindowsPowerShell\v1.0\;C:\windows\System32\OpenSSH\;C:\Program Files\nodejs\;C:\ProgramData\chocolatey\bin;C:\Program Files\Git\cmd;C:\Users\NicholasOppong\Documents\apache-ant-1.10.15\bin;C:\Program Files\Amazon\AWSCLIV2\;C:\Program Files\Docker\Docker\resources\bin;C:\xampp\php;C:\ProgramData\ComposerSetup\bin;C:\Users\NicholasOppong\.config\herd\bin\nvm;C:\Program Files\nodejs;C:\Program Files (x86)\Microsoft SQL Server\160\DTS\Binn\;C:\Program Files\Amazon\AWSSAMCLI\bin\;C:\Users\NicholasOppong\.config\herd\bin;C:\Program Files\MySQL\MySQL Shell 8.0\bin\;C:\Users\NicholasOppong\AppData\Local\Microsoft\WindowsApps;C:\Users\NicholasOppong\AppData\Local\JetBrains\Toolbox\scripts;C:\Users\NicholasOppong\AppData\Local\Programs\Microsoft VS Code\bin;C:\Users\NicholasOppong\AppData\Roaming\npm;C:\Users\NicholasOppong\Downloads\apache-maven-3.9.9\bin;C:\Users\NicholasOppong\Documents\apache-maven-3.9.9\bin;C:\Users\NicholasOppong\AppData\Local\GitHubDesktop\bin;C:\Users\NicholasOppong\AppData\Roaming\Composer\vendor\bin;."/>
    <property name="java.vm.info" value="mixed mode, sharing"/>
    <property name="stderr.encoding" value="Cp1252"/>
    <property name="java.vendor" value="Oracle Corporation"/>
    <property name="java.vm.version" value="21.0.5+9-LTS-239"/>
    <property name="sun.io.unicode.encoding" value="UnicodeLittle"/>
    <property name="java.class.version" value="65.0"/>
  </properties>
  <testcase name="testHandleRequest_Success" classname="com.example.S3EventHandlerTest" time="1.613">
    <system-err><![CDATA[WARNING: A Java agent has been loaded dynamically (C:\Users\NicholasOppong\.m2\repository\net\bytebuddy\byte-buddy-agent\1.14.5\byte-buddy-agent-1.14.5.jar)
WARNING: If a serviceability tool is in use, please run with -XX:+EnableDynamicAgentLoading to hide this warning
WARNING: If a serviceability tool is not in use, please run with -Djdk.instrument.traceUsage for more information
WARNING: Dynamic loading of agents will be disallowed by default in a future release
Apr 07, 2025 11:12:46 AM com.example.S3EventHandler handleRequest
INFO: Received S3 event: {[com.amazonaws.services.lambda.runtime.events.models.s3.S3EventNotification$S3EventNotificationRecord@ffaaaf0]}
Apr 07, 2025 11:12:46 AM com.example.S3EventHandler handleRequest
INFO: Processing new file upload: test-key in bucket: test-bucket
Apr 07, 2025 11:12:46 AM com.example.S3EventHandler handleRequest
INFO: Notification sent successfully. Message ID: test-message-id
]]></system-err>
  </testcase>
</testsuite>